<!DOCTYPE html PUBLIC "-//W3C//DTD XHTML 1.1//EN" "http://www.w3.org/TR/xhtml11/DTD/xhtml11.dtd">
<html xmlns="http://www.w3.org/1999/xhtml"><head><title>TestNG Report</title><style type="text/css">table {margin-bottom:10px;border-collapse:collapse;empty-cells:show}th,td {border:1px solid #009;padding:.25em .5em}th {vertical-align:bottom}td {vertical-align:top}table a {font-weight:bold}.stripe td {background-color: #E6EBF9}.num {text-align:right}.passedodd td {background-color: #3F3}.passedeven td {background-color: #0A0}.skippedodd td {background-color: #DDD}.skippedeven td {background-color: #CCC}.failedodd td,.attn {background-color: #F33}.failedeven td,.stripe .attn {background-color: #D00}.stacktrace {white-space:pre;font-family:monospace}.totop {font-size:85%;text-align:center;border-bottom:2px solid #000}</style></head><body><table><tr><th>Test</th><th># Passed</th><th># Skipped</th><th># Failed</th><th>Time (ms)</th><th>Included Groups</th><th>Excluded Groups</th></tr><tr><th colspan="7">Extrabux Selenium Login Tests</th></tr><tr><td><a href="#t0">Login Tests</a></td><td class="num">0</td><td class="num">0</td><td class="num attn">1</td><td class="num">27,142</td><td></td><td></td></tr><tr><th colspan="7">Extrabux Selenium Sign Up Tests</th></tr><tr class="stripe"><td><a href="#t1">Sign Up Tests</a></td><td class="num">1</td><td class="num">0</td><td class="num">0</td><td class="num">9,524</td><td></td><td></td></tr><tr><th colspan="7">Extrabux Tracking Ticket Tests</th></tr><tr><td><a href="#t2">Ticket Tests</a></td><td class="num">0</td><td class="num">0</td><td class="num attn">1</td><td class="num">23,284</td><td></td><td></td></tr><tr><th colspan="7">Extrabux Integration Test Suite</th></tr><tr><th>Total</th><th class="num">1</th><th class="num">0</th><th class="num attn">2</th><th class="num">59,950</th><th colspan="2"></th></tr></table><table><thead><tr><th>Class</th><th>Method</th><th>Start</th><th>Time (ms)</th></tr></thead><tbody><tr><th colspan="4">Extrabux Selenium Login Tests</th></tr></tbody><tbody id="t0"><tr><th colspan="4">Login Tests &#8212; failed</th></tr><tr class="failedeven"><td rowspan="1">com.extrabux.tests.LoginTests</td><td><a href="#m0">loginSuccess</a></td><td rowspan="1">1507885867738</td><td rowspan="1">23731</td></tr></tbody><tbody><tr><th colspan="4">Extrabux Selenium Sign Up Tests</th></tr></tbody><tbody id="t1"><tr><th colspan="4">Sign Up Tests &#8212; passed</th></tr><tr class="passedeven"><td rowspan="1">com.extrabux.tests.SignUpTests</td><td><a href="#m1">signUpSuccessNoReferral</a></td><td rowspan="1">1507885894389</td><td rowspan="1">7538</td></tr></tbody><tbody><tr><th colspan="4">Extrabux Tracking Ticket Tests</th></tr></tbody><tbody id="t2"><tr><th colspan="4">Ticket Tests &#8212; failed</th></tr><tr class="failedeven"><td rowspan="1">com.extrabux.tests.TrackingTicketTests</td><td><a href="#m2">testStoreTransferClick</a></td><td rowspan="1">1507885903853</td><td rowspan="1">20661</td></tr></tbody><tbody><tr><th colspan="4">Extrabux Integration Test Suite</th></tr></tbody></table><h2>Login Tests</h2><h3 id="m0">com.extrabux.tests.LoginTests#loginSuccess</h3><table class="result"><tr class="param"><th>Parameter #1</th></tr><tr class="param stripe"><td>FirefoxDriver: firefox on MAC (null)</td></tr><tr><th>Messages</th></tr><tr><td><div class="messages">&lt;a href=&quot;./Extrabux Selenium Login Tests/screenshots/loginSuccess.png&quot;&gt;loginSuccess Screenshot&lt;/a&gt; | <br/>&lt;a href=&quot;./Extrabux Selenium Login Tests/html/loginSuccess.html&quot;&gt;loginSuccess HTML Output&lt;/a&gt; | </div></td></tr><tr><th>Exception</th></tr><tr><td><div class="stacktrace">java.lang.Exception: currentPage title: Ebates海淘返利网 - 海淘优惠更新超快的返利网
 currentPage url: https://staging-current.ebates.cn/
timed out waiting for member to display. element was not found on current page (https://staging-current.ebates.cn/).  possible white page displayed
	at com.extrabux.tests.LoginTests.loginSuccess(LoginTests.java:31)
... Removed 28 stack frames</div></td></tr></table><p class="totop"><a href="#summary">back to summary</a></p><h2>Sign Up Tests</h2><h3 id="m1">com.extrabux.tests.SignUpTests#signUpSuccessNoReferral</h3><table class="result"><tr class="param"><th>Parameter #1</th></tr><tr class="param stripe"><td>FirefoxDriver: firefox on MAC (null)</td></tr></table><p class="totop"><a href="#summary">back to summary</a></p><h2>Ticket Tests</h2><h3 id="m2">com.extrabux.tests.TrackingTicketTests#testStoreTransferClick</h3><table class="result"><tr class="param"><th>Parameter #1</th></tr><tr class="param stripe"><td>FirefoxDriver: firefox on MAC (null)</td></tr><tr><th>Messages</th></tr><tr><td><div class="messages">&lt;a href=&quot;./Extrabux Tracking Ticket Tests/screenshots/testStoreTransferClick.png&quot;&gt;testStoreTransferClick Screenshot&lt;/a&gt; | <br/>&lt;a href=&quot;./Extrabux Tracking Ticket Tests/html/testStoreTransferClick.html&quot;&gt;testStoreTransferClick HTML Output&lt;/a&gt; | </div></td></tr><tr><th>Exception</th></tr><tr><td><div class="stacktrace">java.lang.Exception: currentPage title: Ebates海淘返利网 - 海淘优惠更新超快的返利网
 currentPage url: https://staging-current.ebates.cn/
timed out waiting for member to display. element was not found on current page (https://staging-current.ebates.cn/).  possible white page displayed
	at com.extrabux.tests.TrackingTicketTests.testStoreTransferClick(TrackingTicketTests.java:62)
... Removed 28 stack frames</div></td></tr></table><p class="totop"><a href="#summary">back to summary</a></p></body></html>